{"/Users/Fuunnx/workspace/_dev/tutorials/dwyl-learn-tdd/vending-machine/change.test.js":{"path":"/Users/Fuunnx/workspace/_dev/tutorials/dwyl-learn-tdd/vending-machine/change.test.js","s":{"1":1,"2":1,"3":1,"4":1,"5":1,"6":1,"7":1,"8":1,"9":1,"10":1,"11":1,"12":1,"13":1,"14":1,"15":1,"16":1,"17":1,"18":1,"19":1,"20":1,"21":1,"22":1,"23":1},"b":{"1":[1,0],"2":[1,1],"3":[1,0],"4":[1,1]},"f":{"1":1,"2":1,"3":1,"4":1},"fnMap":{"1":{"name":"(anonymous_1)","line":15,"loc":{"start":{"line":15,"column":56},"end":{"line":15,"column":73}}},"2":{"name":"(anonymous_2)","line":21,"loc":{"start":{"line":21,"column":58},"end":{"line":21,"column":75}}},"3":{"name":"(anonymous_3)","line":27,"loc":{"start":{"line":27,"column":57},"end":{"line":27,"column":74}}},"4":{"name":"(anonymous_4)","line":33,"loc":{"start":{"line":33,"column":73},"end":{"line":33,"column":90}}}},"statementMap":{"1":{"start":{"line":4,"column":0},"end":{"line":10,"column":1}},"2":{"start":{"line":5,"column":2},"end":{"line":5,"column":33},"skip":true},"3":{"start":{"line":7,"column":2},"end":{"line":7,"column":24},"skip":true},"4":{"start":{"line":8,"column":2},"end":{"line":8,"column":43},"skip":true},"5":{"start":{"line":9,"column":2},"end":{"line":9,"column":41},"skip":true},"6":{"start":{"line":15,"column":0},"end":{"line":19,"column":3}},"7":{"start":{"line":16,"column":2},"end":{"line":16,"column":31}},"8":{"start":{"line":17,"column":2},"end":{"line":17,"column":20}},"9":{"start":{"line":18,"column":2},"end":{"line":18,"column":37}},"10":{"start":{"line":21,"column":0},"end":{"line":25,"column":2}},"11":{"start":{"line":22,"column":2},"end":{"line":22,"column":35}},"12":{"start":{"line":23,"column":2},"end":{"line":23,"column":33}},"13":{"start":{"line":24,"column":2},"end":{"line":24,"column":37}},"14":{"start":{"line":27,"column":0},"end":{"line":31,"column":2}},"15":{"start":{"line":28,"column":2},"end":{"line":28,"column":35}},"16":{"start":{"line":29,"column":2},"end":{"line":29,"column":33}},"17":{"start":{"line":30,"column":2},"end":{"line":30,"column":37}},"18":{"start":{"line":33,"column":0},"end":{"line":37,"column":3}},"19":{"start":{"line":34,"column":2},"end":{"line":34,"column":34}},"20":{"start":{"line":35,"column":2},"end":{"line":35,"column":49}},"21":{"start":{"line":36,"column":2},"end":{"line":36,"column":37}},"22":{"start":{"line":42,"column":0},"end":{"line":42,"column":70},"skip":true},"23":{"start":{"line":42,"column":55},"end":{"line":42,"column":68},"skip":true}},"branchMap":{"1":{"line":4,"type":"if","locations":[{"start":{"line":4,"column":0},"end":{"line":4,"column":0},"skip":true},{"start":{"line":4,"column":0},"end":{"line":4,"column":0}}]},"2":{"line":4,"type":"binary-expr","locations":[{"start":{"line":4,"column":4},"end":{"line":4,"column":33}},{"start":{"line":4,"column":37},"end":{"line":4,"column":51}}]},"3":{"line":42,"type":"if","locations":[{"start":{"line":42,"column":0},"end":{"line":42,"column":0},"skip":true},{"start":{"line":42,"column":0},"end":{"line":42,"column":0},"skip":true}]},"4":{"line":42,"type":"binary-expr","locations":[{"start":{"line":42,"column":4},"end":{"line":42,"column":33},"skip":true},{"start":{"line":42,"column":37},"end":{"line":42,"column":51},"skip":true}]}}},"/Users/Fuunnx/workspace/_dev/tutorials/dwyl-learn-tdd/vending-machine/change.js":{"path":"/Users/Fuunnx/workspace/_dev/tutorials/dwyl-learn-tdd/vending-machine/change.js","s":{"1":1,"2":1,"3":1,"4":4,"5":4,"6":4,"7":32,"8":17,"9":15,"10":15,"11":15,"12":16,"13":4,"14":1,"15":1},"b":{"1":[1,0],"2":[1,1],"3":[17,15],"4":[1,0],"5":[1,1]},"f":{"1":4,"2":32,"3":16},"fnMap":{"1":{"name":"getChange","line":9,"loc":{"start":{"line":9,"column":0},"end":{"line":9,"column":44}}},"2":{"name":"(anonymous_2)","line":13,"loc":{"start":{"line":13,"column":28},"end":{"line":13,"column":51}}},"3":{"name":"(anonymous_3)","line":18,"loc":{"start":{"line":18,"column":44},"end":{"line":18,"column":55}}}},"statementMap":{"1":{"start":{"line":4,"column":0},"end":{"line":6,"column":1},"skip":true},"2":{"start":{"line":5,"column":2},"end":{"line":5,"column":37},"skip":true},"3":{"start":{"line":9,"column":0},"end":{"line":23,"column":1}},"4":{"start":{"line":10,"column":2},"end":{"line":10,"column":46}},"5":{"start":{"line":11,"column":2},"end":{"line":11,"column":41}},"6":{"start":{"line":13,"column":2},"end":{"line":19,"column":8}},"7":{"start":{"line":14,"column":4},"end":{"line":14,"column":39}},"8":{"start":{"line":14,"column":26},"end":{"line":14,"column":39}},"9":{"start":{"line":15,"column":4},"end":{"line":15,"column":44}},"10":{"start":{"line":16,"column":4},"end":{"line":16,"column":32}},"11":{"start":{"line":18,"column":4},"end":{"line":18,"column":70}},"12":{"start":{"line":18,"column":56},"end":{"line":18,"column":67}},"13":{"start":{"line":22,"column":2},"end":{"line":22,"column":16}},"14":{"start":{"line":29,"column":0},"end":{"line":31,"column":1},"skip":true},"15":{"start":{"line":30,"column":2},"end":{"line":30,"column":29},"skip":true}},"branchMap":{"1":{"line":4,"type":"if","locations":[{"start":{"line":4,"column":0},"end":{"line":4,"column":0},"skip":true},{"start":{"line":4,"column":0},"end":{"line":4,"column":0},"skip":true}]},"2":{"line":4,"type":"binary-expr","locations":[{"start":{"line":4,"column":4},"end":{"line":4,"column":33},"skip":true},{"start":{"line":4,"column":37},"end":{"line":4,"column":51},"skip":true}]},"3":{"line":14,"type":"if","locations":[{"start":{"line":14,"column":4},"end":{"line":14,"column":4}},{"start":{"line":14,"column":4},"end":{"line":14,"column":4}}]},"4":{"line":29,"type":"if","locations":[{"start":{"line":29,"column":0},"end":{"line":29,"column":0},"skip":true},{"start":{"line":29,"column":0},"end":{"line":29,"column":0},"skip":true}]},"5":{"line":29,"type":"binary-expr","locations":[{"start":{"line":29,"column":4},"end":{"line":29,"column":33},"skip":true},{"start":{"line":29,"column":37},"end":{"line":29,"column":51},"skip":true}]}}},"/Users/Fuunnx/workspace/_dev/tutorials/dwyl-learn-tdd/vending-machine/arrayOfSize.js":{"path":"/Users/Fuunnx/workspace/_dev/tutorials/dwyl-learn-tdd/vending-machine/arrayOfSize.js","s":{"1":1,"2":15,"3":1,"4":1},"b":{"1":[1,0],"2":[1,1]},"f":{"1":15},"fnMap":{"1":{"name":"arrayOf","line":1,"loc":{"start":{"line":1,"column":0},"end":{"line":1,"column":23}}}},"statementMap":{"1":{"start":{"line":1,"column":0},"end":{"line":3,"column":1}},"2":{"start":{"line":2,"column":2},"end":{"line":2,"column":39}},"3":{"start":{"line":8,"column":0},"end":{"line":10,"column":1},"skip":true},"4":{"start":{"line":9,"column":2},"end":{"line":9,"column":27},"skip":true}},"branchMap":{"1":{"line":8,"type":"if","locations":[{"start":{"line":8,"column":0},"end":{"line":8,"column":0},"skip":true},{"start":{"line":8,"column":0},"end":{"line":8,"column":0},"skip":true}]},"2":{"line":8,"type":"binary-expr","locations":[{"start":{"line":8,"column":4},"end":{"line":8,"column":33},"skip":true},{"start":{"line":8,"column":37},"end":{"line":8,"column":51},"skip":true}]}}}}