TN:
SF:/Users/Fuunnx/workspace/_dev/tutorials/dwyl-learn-tdd/vending-machine/change.test.js
FN:15,(anonymous_1)
FN:21,(anonymous_2)
FN:27,(anonymous_3)
FN:33,(anonymous_4)
FNF:4
FNH:4
FNDA:1,(anonymous_1)
FNDA:1,(anonymous_2)
FNDA:1,(anonymous_3)
FNDA:1,(anonymous_4)
DA:4,1
DA:5,1
DA:7,1
DA:8,1
DA:9,1
DA:15,1
DA:16,1
DA:17,1
DA:18,1
DA:21,1
DA:22,1
DA:23,1
DA:24,1
DA:27,1
DA:28,1
DA:29,1
DA:30,1
DA:33,1
DA:34,1
DA:35,1
DA:36,1
DA:42,1
LF:22
LH:22
BRDA:4,1,0,1
BRDA:4,1,1,0
BRDA:4,2,0,1
BRDA:4,2,1,1
BRDA:42,3,0,1
BRDA:42,3,1,0
BRDA:42,4,0,1
BRDA:42,4,1,1
BRF:8
BRH:7
end_of_record
TN:
SF:/Users/Fuunnx/workspace/_dev/tutorials/dwyl-learn-tdd/vending-machine/change.js
FN:9,getChange
FN:13,(anonymous_2)
FN:18,(anonymous_3)
FNF:3
FNH:3
FNDA:4,getChange
FNDA:32,(anonymous_2)
FNDA:16,(anonymous_3)
DA:4,1
DA:5,1
DA:9,1
DA:10,4
DA:11,4
DA:13,4
DA:14,32
DA:15,15
DA:16,15
DA:18,16
DA:22,4
DA:29,1
DA:30,1
LF:13
LH:13
BRDA:4,1,0,1
BRDA:4,1,1,0
BRDA:4,2,0,1
BRDA:4,2,1,1
BRDA:14,3,0,17
BRDA:14,3,1,15
BRDA:29,4,0,1
BRDA:29,4,1,0
BRDA:29,5,0,1
BRDA:29,5,1,1
BRF:10
BRH:10
end_of_record
TN:
SF:/Users/Fuunnx/workspace/_dev/tutorials/dwyl-learn-tdd/vending-machine/arrayOfSize.js
FN:1,arrayOf
FNF:1
FNH:1
FNDA:15,arrayOf
DA:1,1
DA:2,15
DA:8,1
DA:9,1
LF:4
LH:4
BRDA:8,1,0,1
BRDA:8,1,1,0
BRDA:8,2,0,1
BRDA:8,2,1,1
BRF:4
BRH:4
end_of_record
